2025-02-12 20:15:08 INFO  org.hibernate.validator.internal.util.Version - HV000001: Hibernate Validator 8.0.2.Final
2025-02-12 20:15:08 INFO  com.easycom.EasyComApplication - Starting EasyComApplication using Java 17.0.5 with PID 12692 (F:\git_clone\together\easycom\target\classes started by luzhihuan in F:\git_clone\together\easycom)
2025-02-12 20:15:08 INFO  com.easycom.EasyComApplication - No active profile set, falling back to 1 default profile: "default"
2025-02-12 20:15:08 INFO  org.springframework.data.repository.config.RepositoryConfigurationDelegate - Multiple Spring Data modules found, entering strict repository configuration mode
2025-02-12 20:15:08 INFO  org.springframework.data.repository.config.RepositoryConfigurationDelegate - Bootstrapping Spring Data Redis repositories in DEFAULT mode.
2025-02-12 20:15:08 INFO  org.springframework.data.repository.config.RepositoryConfigurationDelegate - Finished Spring Data repository scanning in 10 ms. Found 0 Redis repository interfaces.
2025-02-12 20:15:09 INFO  org.springframework.boot.web.embedded.tomcat.TomcatWebServer - Tomcat initialized with port 6666 (http)
2025-02-12 20:15:09 INFO  org.apache.coyote.http11.Http11NioProtocol - Initializing ProtocolHandler ["http-nio-6666"]
2025-02-12 20:15:09 INFO  org.apache.catalina.core.StandardService - Starting service [Tomcat]
2025-02-12 20:15:09 INFO  org.apache.catalina.core.StandardEngine - Starting Servlet engine: [Apache Tomcat/10.1.34]
2025-02-12 20:15:09 INFO  org.apache.catalina.core.ContainerBase.[Tomcat].[localhost].[/api] - Initializing Spring embedded WebApplicationContext
2025-02-12 20:15:09 INFO  org.springframework.boot.web.servlet.context.ServletWebServerApplicationContext - Root WebApplicationContext: initialization completed in 1143 ms
2025-02-12 20:15:10 INFO  org.redisson.Version - Redisson 3.22.0
2025-02-12 20:15:10 INFO  org.redisson.connection.pool.MasterPubSubConnectionPool - 1 connections initialized for 8.138.88.141/8.138.88.141:6379
2025-02-12 20:15:10 INFO  org.redisson.connection.pool.MasterConnectionPool - 24 connections initialized for 8.138.88.141/8.138.88.141:6379
2025-02-12 20:15:11 INFO  org.apache.coyote.http11.Http11NioProtocol - Starting ProtocolHandler ["http-nio-6666"]
2025-02-12 20:15:11 INFO  org.springframework.boot.web.embedded.tomcat.TomcatWebServer - Tomcat started on port 6666 (http) with context path '/api'
2025-02-12 20:15:11 INFO  com.easycom.EasyComApplication - Started EasyComApplication in 3.027 seconds (process running for 3.651)
2025-02-12 20:15:11 INFO  com.zaxxer.hikari.HikariDataSource - HikariPool-1 - Starting...
2025-02-12 20:15:16 INFO  com.zaxxer.hikari.pool.HikariPool - HikariPool-1 - Added connection com.mysql.cj.jdbc.ConnectionImpl@5a079446
2025-02-12 20:15:16 INFO  com.zaxxer.hikari.HikariDataSource - HikariPool-1 - Start completed.
2025-02-12 20:15:16 INFO  com.easycom.InitRun - 服务端启动成功！端口号: 6666
2025-02-12 20:15:53 INFO  org.springframework.boot.web.embedded.tomcat.GracefulShutdown - Commencing graceful shutdown. Waiting for active requests to complete
2025-02-12 20:15:53 INFO  org.springframework.boot.web.embedded.tomcat.GracefulShutdown - Graceful shutdown complete
2025-02-12 20:15:53 INFO  com.zaxxer.hikari.HikariDataSource - HikariPool-1 - Shutdown initiated...
2025-02-12 20:15:55 INFO  com.zaxxer.hikari.HikariDataSource - HikariPool-1 - Shutdown completed.
2025-02-12 20:15:57 INFO  org.hibernate.validator.internal.util.Version - HV000001: Hibernate Validator 8.0.2.Final
2025-02-12 20:15:58 INFO  com.easycom.EasyComApplication - Starting EasyComApplication using Java 17.0.5 with PID 27480 (F:\git_clone\together\easycom\target\classes started by luzhihuan in F:\git_clone\together\easycom)
2025-02-12 20:15:58 INFO  com.easycom.EasyComApplication - No active profile set, falling back to 1 default profile: "default"
2025-02-12 20:15:58 INFO  org.springframework.data.repository.config.RepositoryConfigurationDelegate - Multiple Spring Data modules found, entering strict repository configuration mode
2025-02-12 20:15:58 INFO  org.springframework.data.repository.config.RepositoryConfigurationDelegate - Bootstrapping Spring Data Redis repositories in DEFAULT mode.
2025-02-12 20:15:58 INFO  org.springframework.data.repository.config.RepositoryConfigurationDelegate - Finished Spring Data repository scanning in 10 ms. Found 0 Redis repository interfaces.
2025-02-12 20:15:58 INFO  org.springframework.boot.web.embedded.tomcat.TomcatWebServer - Tomcat initialized with port 6666 (http)
2025-02-12 20:15:58 INFO  org.apache.coyote.http11.Http11NioProtocol - Initializing ProtocolHandler ["http-nio-6666"]
2025-02-12 20:15:58 INFO  org.apache.catalina.core.StandardService - Starting service [Tomcat]
2025-02-12 20:15:58 INFO  org.apache.catalina.core.StandardEngine - Starting Servlet engine: [Apache Tomcat/10.1.34]
2025-02-12 20:15:58 INFO  org.apache.catalina.core.ContainerBase.[Tomcat].[localhost].[/api] - Initializing Spring embedded WebApplicationContext
2025-02-12 20:15:58 INFO  org.springframework.boot.web.servlet.context.ServletWebServerApplicationContext - Root WebApplicationContext: initialization completed in 887 ms
2025-02-12 20:15:59 INFO  org.redisson.Version - Redisson 3.22.0
2025-02-12 20:15:59 INFO  org.redisson.connection.pool.MasterPubSubConnectionPool - 1 connections initialized for 8.138.88.141/8.138.88.141:6379
2025-02-12 20:16:00 INFO  org.redisson.connection.pool.MasterConnectionPool - 24 connections initialized for 8.138.88.141/8.138.88.141:6379
2025-02-12 20:16:00 INFO  org.apache.coyote.http11.Http11NioProtocol - Starting ProtocolHandler ["http-nio-6666"]
2025-02-12 20:16:00 INFO  org.springframework.boot.web.embedded.tomcat.TomcatWebServer - Tomcat started on port 6666 (http) with context path '/api'
2025-02-12 20:16:00 INFO  com.easycom.EasyComApplication - Started EasyComApplication in 2.558 seconds (process running for 3.096)
2025-02-12 20:16:00 INFO  com.zaxxer.hikari.HikariDataSource - HikariPool-1 - Starting...
2025-02-12 20:16:05 INFO  com.zaxxer.hikari.pool.HikariPool - HikariPool-1 - Added connection com.mysql.cj.jdbc.ConnectionImpl@54fd5759
2025-02-12 20:16:05 INFO  com.zaxxer.hikari.HikariDataSource - HikariPool-1 - Start completed.
2025-02-12 20:16:05 INFO  com.easycom.InitRun - 服务端启动成功！端口号: 6666
2025-02-12 20:16:34 INFO  org.apache.catalina.core.ContainerBase.[Tomcat].[localhost].[/api] - Initializing Spring DispatcherServlet 'dispatcherServlet'
2025-02-12 20:16:34 INFO  org.springframework.web.servlet.DispatcherServlet - Initializing Servlet 'dispatcherServlet'
2025-02-12 20:16:34 INFO  org.springframework.web.servlet.DispatcherServlet - Completed initialization in 1 ms
2025-02-12 22:56:33 INFO  org.hibernate.validator.internal.util.Version - HV000001: Hibernate Validator 8.0.2.Final
2025-02-12 22:56:33 INFO  com.easycom.EasyComApplication - Starting EasyComApplication using Java 17.0.11 with PID 21600 (E:\xiangmu\together\easycom\target\classes started by 21597 in E:\xiangmu\together\easycom)
2025-02-12 22:56:33 INFO  com.easycom.EasyComApplication - No active profile set, falling back to 1 default profile: "default"
2025-02-12 22:56:34 INFO  org.springframework.data.repository.config.RepositoryConfigurationDelegate - Multiple Spring Data modules found, entering strict repository configuration mode
2025-02-12 22:56:34 INFO  org.springframework.data.repository.config.RepositoryConfigurationDelegate - Bootstrapping Spring Data Redis repositories in DEFAULT mode.
2025-02-12 22:56:34 INFO  org.springframework.data.repository.config.RepositoryConfigurationDelegate - Finished Spring Data repository scanning in 9 ms. Found 0 Redis repository interfaces.
2025-02-12 22:56:34 INFO  org.springframework.boot.web.embedded.tomcat.TomcatWebServer - Tomcat initialized with port 6061 (http)
2025-02-12 22:56:34 INFO  org.apache.catalina.core.AprLifecycleListener - Loaded Apache Tomcat Native library [2.0.7] using APR version [1.7.4].
2025-02-12 22:56:34 INFO  org.apache.catalina.core.AprLifecycleListener - OpenSSL successfully initialized [OpenSSL 3.0.13 30 Jan 2024]
2025-02-12 22:56:34 INFO  org.apache.coyote.http11.Http11NioProtocol - Initializing ProtocolHandler ["http-nio-6061"]
2025-02-12 22:56:34 INFO  org.apache.catalina.core.StandardService - Starting service [Tomcat]
2025-02-12 22:56:34 INFO  org.apache.catalina.core.StandardEngine - Starting Servlet engine: [Apache Tomcat/10.1.34]
2025-02-12 22:56:34 INFO  org.apache.catalina.core.ContainerBase.[Tomcat].[localhost].[/api] - Initializing Spring embedded WebApplicationContext
2025-02-12 22:56:34 INFO  org.springframework.boot.web.servlet.context.ServletWebServerApplicationContext - Root WebApplicationContext: initialization completed in 1143 ms
2025-02-12 22:56:35 INFO  org.redisson.Version - Redisson 3.22.0
2025-02-12 22:56:35 INFO  org.redisson.connection.pool.MasterPubSubConnectionPool - 1 connections initialized for 8.138.88.141/8.138.88.141:6379
2025-02-12 22:56:35 INFO  org.redisson.connection.pool.MasterConnectionPool - 24 connections initialized for 8.138.88.141/8.138.88.141:6379
2025-02-12 22:56:36 WARN  org.springframework.boot.autoconfigure.security.servlet.UserDetailsServiceAutoConfiguration - 

Using generated security password: c00d2d0b-4790-480f-b81a-d88741615954

This generated password is for development use only. Your security configuration must be updated before running your application in production.

2025-02-12 22:56:36 INFO  org.springframework.security.config.annotation.authentication.configuration.InitializeUserDetailsBeanManagerConfigurer$InitializeUserDetailsManagerConfigurer - Global AuthenticationManager configured with UserDetailsService bean with name inMemoryUserDetailsManager
2025-02-12 22:56:36 INFO  org.apache.coyote.http11.Http11NioProtocol - Starting ProtocolHandler ["http-nio-6061"]
2025-02-12 22:56:36 INFO  org.springframework.boot.web.embedded.tomcat.TomcatWebServer - Tomcat started on port 6061 (http) with context path '/api'
2025-02-12 22:56:36 INFO  com.easycom.EasyComApplication - Started EasyComApplication in 2.845 seconds (process running for 3.549)
2025-02-12 22:56:36 INFO  com.zaxxer.hikari.HikariDataSource - HikariPool-1 - Starting...
2025-02-12 22:56:41 INFO  com.zaxxer.hikari.pool.HikariPool - HikariPool-1 - Added connection com.mysql.cj.jdbc.ConnectionImpl@4598961d
2025-02-12 22:56:41 INFO  com.zaxxer.hikari.HikariDataSource - HikariPool-1 - Start completed.
2025-02-12 22:56:41 INFO  com.easycom.InitRun - 服务端启动成功！端口号: 6061
2025-02-12 22:56:59 INFO  org.apache.catalina.core.ContainerBase.[Tomcat].[localhost].[/api] - Initializing Spring DispatcherServlet 'dispatcherServlet'
2025-02-12 22:56:59 INFO  org.springframework.web.servlet.DispatcherServlet - Initializing Servlet 'dispatcherServlet'
2025-02-12 22:56:59 INFO  org.springframework.web.servlet.DispatcherServlet - Completed initialization in 1 ms
2025-02-12 23:00:07 INFO  org.hibernate.validator.internal.util.Version - HV000001: Hibernate Validator 8.0.2.Final
2025-02-12 23:00:07 INFO  com.easycom.EasyComApplication - Starting EasyComApplication using Java 17.0.11 with PID 16540 (E:\xiangmu\together\easycom\target\classes started by 21597 in E:\xiangmu\together\easycom)
2025-02-12 23:00:07 INFO  com.easycom.EasyComApplication - No active profile set, falling back to 1 default profile: "default"
2025-02-12 23:00:07 INFO  org.springframework.data.repository.config.RepositoryConfigurationDelegate - Multiple Spring Data modules found, entering strict repository configuration mode
2025-02-12 23:00:07 INFO  org.springframework.data.repository.config.RepositoryConfigurationDelegate - Bootstrapping Spring Data Redis repositories in DEFAULT mode.
2025-02-12 23:00:07 INFO  org.springframework.data.repository.config.RepositoryConfigurationDelegate - Finished Spring Data repository scanning in 12 ms. Found 0 Redis repository interfaces.
2025-02-12 23:00:08 INFO  org.springframework.boot.web.embedded.tomcat.TomcatWebServer - Tomcat initialized with port 6061 (http)
2025-02-12 23:00:08 INFO  org.apache.catalina.core.AprLifecycleListener - Loaded Apache Tomcat Native library [2.0.7] using APR version [1.7.4].
2025-02-12 23:00:08 INFO  org.apache.catalina.core.AprLifecycleListener - OpenSSL successfully initialized [OpenSSL 3.0.13 30 Jan 2024]
2025-02-12 23:00:08 INFO  org.apache.coyote.http11.Http11NioProtocol - Initializing ProtocolHandler ["http-nio-6061"]
2025-02-12 23:00:08 INFO  org.apache.catalina.core.StandardService - Starting service [Tomcat]
2025-02-12 23:00:08 INFO  org.apache.catalina.core.StandardEngine - Starting Servlet engine: [Apache Tomcat/10.1.34]
2025-02-12 23:00:08 INFO  org.apache.catalina.core.ContainerBase.[Tomcat].[localhost].[/api] - Initializing Spring embedded WebApplicationContext
2025-02-12 23:00:08 INFO  org.springframework.boot.web.servlet.context.ServletWebServerApplicationContext - Root WebApplicationContext: initialization completed in 1000 ms
2025-02-12 23:00:08 INFO  org.redisson.Version - Redisson 3.22.0
2025-02-12 23:00:08 INFO  org.redisson.connection.pool.MasterPubSubConnectionPool - 1 connections initialized for 8.138.88.141/8.138.88.141:6379
2025-02-12 23:00:09 INFO  org.redisson.connection.pool.MasterConnectionPool - 24 connections initialized for 8.138.88.141/8.138.88.141:6379
2025-02-12 23:00:09 WARN  org.springframework.boot.autoconfigure.security.servlet.UserDetailsServiceAutoConfiguration - 

Using generated security password: da93f9e3-b2da-4513-a452-6d80a511b07c

This generated password is for development use only. Your security configuration must be updated before running your application in production.

2025-02-12 23:00:09 INFO  org.springframework.security.config.annotation.authentication.configuration.InitializeUserDetailsBeanManagerConfigurer$InitializeUserDetailsManagerConfigurer - Global AuthenticationManager configured with UserDetailsService bean with name inMemoryUserDetailsManager
2025-02-12 23:00:09 INFO  org.apache.coyote.http11.Http11NioProtocol - Starting ProtocolHandler ["http-nio-6061"]
2025-02-12 23:00:09 INFO  org.springframework.boot.web.embedded.tomcat.TomcatWebServer - Tomcat started on port 6061 (http) with context path '/api'
2025-02-12 23:00:09 INFO  com.easycom.EasyComApplication - Started EasyComApplication in 2.657 seconds (process running for 3.213)
2025-02-12 23:00:09 INFO  com.zaxxer.hikari.HikariDataSource - HikariPool-1 - Starting...
2025-02-12 23:00:10 INFO  org.apache.catalina.core.ContainerBase.[Tomcat].[localhost].[/api] - Initializing Spring DispatcherServlet 'dispatcherServlet'
2025-02-12 23:00:10 INFO  org.springframework.web.servlet.DispatcherServlet - Initializing Servlet 'dispatcherServlet'
2025-02-12 23:00:10 INFO  org.springframework.web.servlet.DispatcherServlet - Completed initialization in 1 ms
2025-02-12 23:00:14 INFO  com.zaxxer.hikari.pool.HikariPool - HikariPool-1 - Added connection com.mysql.cj.jdbc.ConnectionImpl@78a7fccd
2025-02-12 23:00:14 INFO  com.zaxxer.hikari.HikariDataSource - HikariPool-1 - Start completed.
2025-02-12 23:00:14 INFO  com.easycom.InitRun - 服务端启动成功！端口号: 6061
2025-02-12 23:12:42 INFO  org.hibernate.validator.internal.util.Version - HV000001: Hibernate Validator 8.0.2.Final
2025-02-12 23:12:42 INFO  com.easycom.EasyComApplication - Starting EasyComApplication using Java 17.0.11 with PID 24664 (E:\xiangmu\together\easycom\target\classes started by 21597 in E:\xiangmu\together\easycom)
2025-02-12 23:12:42 INFO  com.easycom.EasyComApplication - No active profile set, falling back to 1 default profile: "default"
2025-02-12 23:12:42 INFO  org.springframework.data.repository.config.RepositoryConfigurationDelegate - Multiple Spring Data modules found, entering strict repository configuration mode
2025-02-12 23:12:42 INFO  org.springframework.data.repository.config.RepositoryConfigurationDelegate - Bootstrapping Spring Data Redis repositories in DEFAULT mode.
2025-02-12 23:12:42 INFO  org.springframework.data.repository.config.RepositoryConfigurationDelegate - Finished Spring Data repository scanning in 11 ms. Found 0 Redis repository interfaces.
2025-02-12 23:12:43 INFO  org.springframework.boot.web.embedded.tomcat.TomcatWebServer - Tomcat initialized with port 6061 (http)
2025-02-12 23:12:43 INFO  org.apache.catalina.core.AprLifecycleListener - Loaded Apache Tomcat Native library [2.0.7] using APR version [1.7.4].
2025-02-12 23:12:43 INFO  org.apache.catalina.core.AprLifecycleListener - OpenSSL successfully initialized [OpenSSL 3.0.13 30 Jan 2024]
2025-02-12 23:12:43 INFO  org.apache.coyote.http11.Http11NioProtocol - Initializing ProtocolHandler ["http-nio-6061"]
2025-02-12 23:12:43 INFO  org.apache.catalina.core.StandardService - Starting service [Tomcat]
2025-02-12 23:12:43 INFO  org.apache.catalina.core.StandardEngine - Starting Servlet engine: [Apache Tomcat/10.1.34]
2025-02-12 23:12:43 INFO  org.apache.catalina.core.ContainerBase.[Tomcat].[localhost].[/api] - Initializing Spring embedded WebApplicationContext
2025-02-12 23:12:43 INFO  org.springframework.boot.web.servlet.context.ServletWebServerApplicationContext - Root WebApplicationContext: initialization completed in 972 ms
2025-02-12 23:12:44 INFO  org.redisson.Version - Redisson 3.22.0
2025-02-12 23:12:44 INFO  org.redisson.connection.pool.MasterPubSubConnectionPool - 1 connections initialized for 8.138.88.141/8.138.88.141:6379
2025-02-12 23:12:44 INFO  org.redisson.connection.pool.MasterConnectionPool - 24 connections initialized for 8.138.88.141/8.138.88.141:6379
2025-02-12 23:12:44 WARN  org.springframework.boot.autoconfigure.security.servlet.UserDetailsServiceAutoConfiguration - 

Using generated security password: bd8adc34-1c3e-4940-83f9-a8e5f7f15971

This generated password is for development use only. Your security configuration must be updated before running your application in production.

2025-02-12 23:12:44 INFO  org.springframework.security.config.annotation.authentication.configuration.InitializeUserDetailsBeanManagerConfigurer$InitializeUserDetailsManagerConfigurer - Global AuthenticationManager configured with UserDetailsService bean with name inMemoryUserDetailsManager
2025-02-12 23:12:44 INFO  org.apache.coyote.http11.Http11NioProtocol - Starting ProtocolHandler ["http-nio-6061"]
2025-02-12 23:12:44 INFO  org.springframework.boot.web.embedded.tomcat.TomcatWebServer - Tomcat started on port 6061 (http) with context path '/api'
2025-02-12 23:12:44 INFO  com.easycom.EasyComApplication - Started EasyComApplication in 2.582 seconds (process running for 3.275)
2025-02-12 23:12:44 INFO  com.zaxxer.hikari.HikariDataSource - HikariPool-1 - Starting...
2025-02-12 23:12:49 INFO  com.zaxxer.hikari.pool.HikariPool - HikariPool-1 - Added connection com.mysql.cj.jdbc.ConnectionImpl@22a2e581
2025-02-12 23:12:49 INFO  com.zaxxer.hikari.HikariDataSource - HikariPool-1 - Start completed.
2025-02-12 23:12:50 INFO  com.easycom.InitRun - 服务端启动成功！端口号: 6061
2025-02-12 23:13:52 INFO  org.apache.catalina.core.ContainerBase.[Tomcat].[localhost].[/api] - Initializing Spring DispatcherServlet 'dispatcherServlet'
2025-02-12 23:13:52 INFO  org.springframework.web.servlet.DispatcherServlet - Initializing Servlet 'dispatcherServlet'
2025-02-12 23:13:52 INFO  org.springframework.web.servlet.DispatcherServlet - Completed initialization in 1 ms
2025-02-12 23:28:09 INFO  org.hibernate.validator.internal.util.Version - HV000001: Hibernate Validator 8.0.2.Final
2025-02-12 23:28:09 INFO  com.easycom.EasyComApplication - Starting EasyComApplication using Java 17.0.5 with PID 26804 (F:\git_clone\together\easycom\target\classes started by luzhihuan in F:\git_clone\together\easycom)
2025-02-12 23:28:09 INFO  com.easycom.EasyComApplication - No active profile set, falling back to 1 default profile: "default"
2025-02-12 23:28:09 INFO  org.springframework.data.repository.config.RepositoryConfigurationDelegate - Multiple Spring Data modules found, entering strict repository configuration mode
2025-02-12 23:28:09 INFO  org.springframework.data.repository.config.RepositoryConfigurationDelegate - Bootstrapping Spring Data Redis repositories in DEFAULT mode.
2025-02-12 23:28:09 INFO  org.springframework.data.repository.config.RepositoryConfigurationDelegate - Finished Spring Data repository scanning in 13 ms. Found 0 Redis repository interfaces.
2025-02-12 23:28:10 INFO  org.springframework.boot.web.embedded.tomcat.TomcatWebServer - Tomcat initialized with port 6061 (http)
2025-02-12 23:28:10 INFO  org.apache.coyote.http11.Http11NioProtocol - Initializing ProtocolHandler ["http-nio-6061"]
2025-02-12 23:28:10 INFO  org.apache.catalina.core.StandardService - Starting service [Tomcat]
2025-02-12 23:28:10 INFO  org.apache.catalina.core.StandardEngine - Starting Servlet engine: [Apache Tomcat/10.1.34]
2025-02-12 23:28:10 INFO  org.apache.catalina.core.ContainerBase.[Tomcat].[localhost].[/api] - Initializing Spring embedded WebApplicationContext
2025-02-12 23:28:10 INFO  org.springframework.boot.web.servlet.context.ServletWebServerApplicationContext - Root WebApplicationContext: initialization completed in 1360 ms
2025-02-12 23:28:11 INFO  org.redisson.Version - Redisson 3.22.0
2025-02-12 23:28:11 INFO  org.redisson.connection.pool.MasterPubSubConnectionPool - 1 connections initialized for 8.138.88.141/8.138.88.141:6379
2025-02-12 23:28:11 INFO  org.redisson.connection.pool.MasterConnectionPool - 24 connections initialized for 8.138.88.141/8.138.88.141:6379
2025-02-12 23:28:12 WARN  org.springframework.boot.autoconfigure.security.servlet.UserDetailsServiceAutoConfiguration - 

Using generated security password: aa898827-8092-4b60-8f1a-bb02253cdb30

This generated password is for development use only. Your security configuration must be updated before running your application in production.

2025-02-12 23:28:12 INFO  org.springframework.security.config.annotation.authentication.configuration.InitializeUserDetailsBeanManagerConfigurer$InitializeUserDetailsManagerConfigurer - Global AuthenticationManager configured with UserDetailsService bean with name inMemoryUserDetailsManager
2025-02-12 23:28:12 INFO  org.apache.coyote.http11.Http11NioProtocol - Starting ProtocolHandler ["http-nio-6061"]
2025-02-12 23:28:12 INFO  org.springframework.boot.web.embedded.tomcat.TomcatWebServer - Tomcat started on port 6061 (http) with context path '/api'
2025-02-12 23:28:12 INFO  com.easycom.EasyComApplication - Started EasyComApplication in 3.391 seconds (process running for 4.184)
2025-02-12 23:28:12 INFO  com.zaxxer.hikari.HikariDataSource - HikariPool-1 - Starting...
2025-02-12 23:28:18 INFO  com.zaxxer.hikari.pool.HikariPool - HikariPool-1 - Added connection com.mysql.cj.jdbc.ConnectionImpl@1516f497
2025-02-12 23:28:18 INFO  com.zaxxer.hikari.HikariDataSource - HikariPool-1 - Start completed.
2025-02-12 23:28:18 INFO  com.easycom.InitRun - 服务端启动成功！端口号: 6061
2025-02-12 23:28:58 INFO  org.apache.catalina.core.ContainerBase.[Tomcat].[localhost].[/api] - Initializing Spring DispatcherServlet 'dispatcherServlet'
2025-02-12 23:28:58 INFO  org.springframework.web.servlet.DispatcherServlet - Initializing Servlet 'dispatcherServlet'
2025-02-12 23:28:58 INFO  org.springframework.web.servlet.DispatcherServlet - Completed initialization in 1 ms
2025-02-12 23:29:37 INFO  org.springframework.boot.web.embedded.tomcat.GracefulShutdown - Commencing graceful shutdown. Waiting for active requests to complete
2025-02-12 23:29:37 INFO  org.springframework.boot.web.embedded.tomcat.GracefulShutdown - Graceful shutdown complete
2025-02-12 23:29:37 INFO  com.zaxxer.hikari.HikariDataSource - HikariPool-1 - Shutdown initiated...
2025-02-12 23:29:37 INFO  com.zaxxer.hikari.HikariDataSource - HikariPool-1 - Shutdown completed.
2025-02-12 23:29:41 INFO  org.hibernate.validator.internal.util.Version - HV000001: Hibernate Validator 8.0.2.Final
2025-02-12 23:29:41 INFO  com.easycom.EasyComApplication - Starting EasyComApplication using Java 17.0.5 with PID 25660 (F:\git_clone\together\easycom\target\classes started by luzhihuan in F:\git_clone\together\easycom)
2025-02-12 23:29:41 INFO  com.easycom.EasyComApplication - No active profile set, falling back to 1 default profile: "default"
2025-02-12 23:29:41 INFO  org.springframework.data.repository.config.RepositoryConfigurationDelegate - Multiple Spring Data modules found, entering strict repository configuration mode
2025-02-12 23:29:41 INFO  org.springframework.data.repository.config.RepositoryConfigurationDelegate - Bootstrapping Spring Data Redis repositories in DEFAULT mode.
2025-02-12 23:29:41 INFO  org.springframework.data.repository.config.RepositoryConfigurationDelegate - Finished Spring Data repository scanning in 15 ms. Found 0 Redis repository interfaces.
2025-02-12 23:29:41 INFO  org.springframework.boot.web.embedded.tomcat.TomcatWebServer - Tomcat initialized with port 6061 (http)
2025-02-12 23:29:41 INFO  org.apache.coyote.http11.Http11NioProtocol - Initializing ProtocolHandler ["http-nio-6061"]
2025-02-12 23:29:41 INFO  org.apache.catalina.core.StandardService - Starting service [Tomcat]
2025-02-12 23:29:41 INFO  org.apache.catalina.core.StandardEngine - Starting Servlet engine: [Apache Tomcat/10.1.34]
2025-02-12 23:29:42 INFO  org.apache.catalina.core.ContainerBase.[Tomcat].[localhost].[/api] - Initializing Spring embedded WebApplicationContext
2025-02-12 23:29:42 INFO  org.springframework.boot.web.servlet.context.ServletWebServerApplicationContext - Root WebApplicationContext: initialization completed in 895 ms
2025-02-12 23:29:42 INFO  org.redisson.Version - Redisson 3.22.0
2025-02-12 23:29:42 INFO  org.redisson.connection.pool.MasterPubSubConnectionPool - 1 connections initialized for 8.138.88.141/8.138.88.141:6379
2025-02-12 23:29:43 INFO  org.redisson.connection.pool.MasterConnectionPool - 24 connections initialized for 8.138.88.141/8.138.88.141:6379
2025-02-12 23:29:43 WARN  org.springframework.boot.autoconfigure.security.servlet.UserDetailsServiceAutoConfiguration - 

Using generated security password: f89b7656-873d-4b43-996c-ff9bfeacae6b

This generated password is for development use only. Your security configuration must be updated before running your application in production.

2025-02-12 23:29:43 INFO  org.springframework.security.config.annotation.authentication.configuration.InitializeUserDetailsBeanManagerConfigurer$InitializeUserDetailsManagerConfigurer - Global AuthenticationManager configured with UserDetailsService bean with name inMemoryUserDetailsManager
2025-02-12 23:29:43 INFO  org.apache.coyote.http11.Http11NioProtocol - Starting ProtocolHandler ["http-nio-6061"]
2025-02-12 23:29:43 INFO  org.springframework.boot.web.embedded.tomcat.TomcatWebServer - Tomcat started on port 6061 (http) with context path '/api'
2025-02-12 23:29:43 INFO  com.easycom.EasyComApplication - Started EasyComApplication in 2.718 seconds (process running for 3.243)
2025-02-12 23:29:43 INFO  com.zaxxer.hikari.HikariDataSource - HikariPool-1 - Starting...
2025-02-12 23:29:48 INFO  com.zaxxer.hikari.pool.HikariPool - HikariPool-1 - Added connection com.mysql.cj.jdbc.ConnectionImpl@4b3b2a4f
2025-02-12 23:29:48 INFO  com.zaxxer.hikari.HikariDataSource - HikariPool-1 - Start completed.
2025-02-12 23:29:48 INFO  com.easycom.InitRun - 服务端启动成功！端口号: 6061
2025-02-12 23:29:54 INFO  org.apache.catalina.core.ContainerBase.[Tomcat].[localhost].[/api] - Initializing Spring DispatcherServlet 'dispatcherServlet'
2025-02-12 23:29:54 INFO  org.springframework.web.servlet.DispatcherServlet - Initializing Servlet 'dispatcherServlet'
2025-02-12 23:29:54 INFO  org.springframework.web.servlet.DispatcherServlet - Completed initialization in 0 ms
2025-02-12 23:30:31 INFO  org.springframework.boot.web.embedded.tomcat.GracefulShutdown - Commencing graceful shutdown. Waiting for active requests to complete
2025-02-12 23:30:32 INFO  org.springframework.boot.web.embedded.tomcat.GracefulShutdown - Graceful shutdown complete
2025-02-12 23:30:32 INFO  com.zaxxer.hikari.HikariDataSource - HikariPool-1 - Shutdown initiated...
2025-02-12 23:30:32 INFO  com.zaxxer.hikari.HikariDataSource - HikariPool-1 - Shutdown completed.
2025-02-12 23:30:34 INFO  org.hibernate.validator.internal.util.Version - HV000001: Hibernate Validator 8.0.2.Final
2025-02-12 23:30:34 INFO  com.easycom.EasyComApplication - Starting EasyComApplication using Java 17.0.5 with PID 19156 (F:\git_clone\together\easycom\target\classes started by luzhihuan in F:\git_clone\together\easycom)
2025-02-12 23:30:34 INFO  com.easycom.EasyComApplication - No active profile set, falling back to 1 default profile: "default"
2025-02-12 23:30:34 INFO  org.springframework.data.repository.config.RepositoryConfigurationDelegate - Multiple Spring Data modules found, entering strict repository configuration mode
2025-02-12 23:30:34 INFO  org.springframework.data.repository.config.RepositoryConfigurationDelegate - Bootstrapping Spring Data Redis repositories in DEFAULT mode.
2025-02-12 23:30:34 INFO  org.springframework.data.repository.config.RepositoryConfigurationDelegate - Finished Spring Data repository scanning in 9 ms. Found 0 Redis repository interfaces.
2025-02-12 23:30:34 INFO  org.springframework.boot.web.embedded.tomcat.TomcatWebServer - Tomcat initialized with port 6061 (http)
2025-02-12 23:30:34 INFO  org.apache.coyote.http11.Http11NioProtocol - Initializing ProtocolHandler ["http-nio-6061"]
2025-02-12 23:30:34 INFO  org.apache.catalina.core.StandardService - Starting service [Tomcat]
2025-02-12 23:30:34 INFO  org.apache.catalina.core.StandardEngine - Starting Servlet engine: [Apache Tomcat/10.1.34]
2025-02-12 23:30:34 INFO  org.apache.catalina.core.ContainerBase.[Tomcat].[localhost].[/api] - Initializing Spring embedded WebApplicationContext
2025-02-12 23:30:34 INFO  org.springframework.boot.web.servlet.context.ServletWebServerApplicationContext - Root WebApplicationContext: initialization completed in 872 ms
2025-02-12 23:30:35 INFO  org.redisson.Version - Redisson 3.22.0
2025-02-12 23:30:35 INFO  org.redisson.connection.pool.MasterPubSubConnectionPool - 1 connections initialized for 8.138.88.141/8.138.88.141:6379
2025-02-12 23:30:36 INFO  org.redisson.connection.pool.MasterConnectionPool - 24 connections initialized for 8.138.88.141/8.138.88.141:6379
2025-02-12 23:30:36 WARN  org.springframework.boot.autoconfigure.security.servlet.UserDetailsServiceAutoConfiguration - 

Using generated security password: 6ae56aab-2245-44ab-b7bb-54a01796ca35

This generated password is for development use only. Your security configuration must be updated before running your application in production.

2025-02-12 23:30:36 INFO  org.springframework.security.config.annotation.authentication.configuration.InitializeUserDetailsBeanManagerConfigurer$InitializeUserDetailsManagerConfigurer - Global AuthenticationManager configured with UserDetailsService bean with name inMemoryUserDetailsManager
2025-02-12 23:30:36 INFO  org.apache.coyote.http11.Http11NioProtocol - Starting ProtocolHandler ["http-nio-6061"]
2025-02-12 23:30:36 INFO  org.springframework.boot.web.embedded.tomcat.TomcatWebServer - Tomcat started on port 6061 (http) with context path '/api'
2025-02-12 23:30:36 INFO  com.easycom.EasyComApplication - Started EasyComApplication in 2.68 seconds (process running for 3.343)
2025-02-12 23:30:36 INFO  com.zaxxer.hikari.HikariDataSource - HikariPool-1 - Starting...
2025-02-12 23:30:41 INFO  com.zaxxer.hikari.pool.HikariPool - HikariPool-1 - Added connection com.mysql.cj.jdbc.ConnectionImpl@2e8eafb2
2025-02-12 23:30:41 INFO  com.zaxxer.hikari.HikariDataSource - HikariPool-1 - Start completed.
2025-02-12 23:30:41 INFO  com.easycom.InitRun - 服务端启动成功！端口号: 6061
2025-02-12 23:30:43 INFO  org.springframework.boot.web.embedded.tomcat.GracefulShutdown - Commencing graceful shutdown. Waiting for active requests to complete
2025-02-12 23:30:43 INFO  org.springframework.boot.web.embedded.tomcat.GracefulShutdown - Graceful shutdown complete
2025-02-12 23:30:43 INFO  com.zaxxer.hikari.HikariDataSource - HikariPool-1 - Shutdown initiated...
2025-02-12 23:30:46 INFO  com.zaxxer.hikari.HikariDataSource - HikariPool-1 - Shutdown completed.
2025-02-12 23:30:50 INFO  org.hibernate.validator.internal.util.Version - HV000001: Hibernate Validator 8.0.2.Final
2025-02-12 23:30:50 INFO  com.easycom.EasyComApplication - Starting EasyComApplication using Java 17.0.5 with PID 19960 (F:\git_clone\together\easycom\target\classes started by luzhihuan in F:\git_clone\together\easycom)
2025-02-12 23:30:50 INFO  com.easycom.EasyComApplication - No active profile set, falling back to 1 default profile: "default"
2025-02-12 23:30:50 INFO  org.springframework.data.repository.config.RepositoryConfigurationDelegate - Multiple Spring Data modules found, entering strict repository configuration mode
2025-02-12 23:30:50 INFO  org.springframework.data.repository.config.RepositoryConfigurationDelegate - Bootstrapping Spring Data Redis repositories in DEFAULT mode.
2025-02-12 23:30:50 INFO  org.springframework.data.repository.config.RepositoryConfigurationDelegate - Finished Spring Data repository scanning in 10 ms. Found 0 Redis repository interfaces.
2025-02-12 23:30:50 INFO  org.springframework.boot.web.embedded.tomcat.TomcatWebServer - Tomcat initialized with port 6061 (http)
2025-02-12 23:30:50 INFO  org.apache.coyote.http11.Http11NioProtocol - Initializing ProtocolHandler ["http-nio-6061"]
2025-02-12 23:30:50 INFO  org.apache.catalina.core.StandardService - Starting service [Tomcat]
2025-02-12 23:30:50 INFO  org.apache.catalina.core.StandardEngine - Starting Servlet engine: [Apache Tomcat/10.1.34]
2025-02-12 23:30:50 INFO  org.apache.catalina.core.ContainerBase.[Tomcat].[localhost].[/api] - Initializing Spring embedded WebApplicationContext
2025-02-12 23:30:50 INFO  org.springframework.boot.web.servlet.context.ServletWebServerApplicationContext - Root WebApplicationContext: initialization completed in 843 ms
2025-02-12 23:30:51 INFO  org.redisson.Version - Redisson 3.22.0
2025-02-12 23:30:51 INFO  org.redisson.connection.pool.MasterPubSubConnectionPool - 1 connections initialized for 8.138.88.141/8.138.88.141:6379
2025-02-12 23:30:52 INFO  org.redisson.connection.pool.MasterConnectionPool - 24 connections initialized for 8.138.88.141/8.138.88.141:6379
2025-02-12 23:30:52 INFO  org.apache.coyote.http11.Http11NioProtocol - Starting ProtocolHandler ["http-nio-6061"]
2025-02-12 23:30:52 INFO  org.springframework.boot.web.embedded.tomcat.TomcatWebServer - Tomcat started on port 6061 (http) with context path '/api'
2025-02-12 23:30:52 INFO  com.easycom.EasyComApplication - Started EasyComApplication in 2.549 seconds (process running for 3.079)
2025-02-12 23:30:52 INFO  com.zaxxer.hikari.HikariDataSource - HikariPool-1 - Starting...
2025-02-12 23:30:57 INFO  com.zaxxer.hikari.pool.HikariPool - HikariPool-1 - Added connection com.mysql.cj.jdbc.ConnectionImpl@2ecd2aa4
2025-02-12 23:30:57 INFO  com.zaxxer.hikari.HikariDataSource - HikariPool-1 - Start completed.
2025-02-12 23:30:57 INFO  com.easycom.InitRun - 服务端启动成功！端口号: 6061
2025-02-12 23:31:00 INFO  org.apache.catalina.core.ContainerBase.[Tomcat].[localhost].[/api] - Initializing Spring DispatcherServlet 'dispatcherServlet'
2025-02-12 23:31:00 INFO  org.springframework.web.servlet.DispatcherServlet - Initializing Servlet 'dispatcherServlet'
2025-02-12 23:31:00 INFO  org.springframework.web.servlet.DispatcherServlet - Completed initialization in 1 ms
